<?xml version="1.0" encoding="UTF-8"?>
<testsuite xmlns:xsi="http://www.w3.org/2001/XMLSchema-instance" xsi:noNamespaceSchemaLocation="https://maven.apache.org/surefire/maven-surefire-plugin/xsd/surefire-test-report.xsd" name="com.joanadantas.RegularPricingTest" time="0" tests="3" errors="0" skipped="0" failures="0">
  <properties>
[...]
</properties>
  <testcase name="calculateRentPrice_OverDayLimit_ShouldReturnFixedpriceTimesDays" classname="com.joanadantas.RegularPricingTest" time="0"/>
  <testcase name="calculateRentPrice_SameAsDayLimit_ShouldReturnFixedprice" classname="com.joanadantas.RegularPricingTest" time="0"/>
  <testcase name="calculateRentPrice_UnderDayLimit_ShouldReturnFixedprice" classname="com.joanadantas.RegularPricingTest" time="0"/>
</testsuite>