<?xml version="1.0" encoding="UTF-8"?>
<testsuite xmlns:xsi="http://www.w3.org/2001/XMLSchema-instance" xsi:noNamespaceSchemaLocation="https://maven.apache.org/surefire/maven-surefire-plugin/xsd/surefire-test-report.xsd" name="com.joanadantas.service.ReturnMovieServiceTest" time="0.068" tests="4" errors="0" skipped="0" failures="0">
  <properties>
[...]
</properties>
  <testcase name="returnAMovie_WhenMovieDoesNotExist_ShouldThrowException" classname="com.joanadantas.service.ReturnMovieServiceTest" time="0.043"/>
  <testcase name="returnAMovie_WhenCustomerDoesNotExist_ShouldThrowException" classname="com.joanadantas.service.ReturnMovieServiceTest" time="0"/>
  <testcase name="returnAMovie_WhenMovieIsNotRented_ShouldThrowException" classname="com.joanadantas.service.ReturnMovieServiceTest" time="0"/>
  <testcase name="returnAMovie_WhenReturnMovieIsSuccesfull_ShouldSetValuesCorrectly" classname="com.joanadantas.service.ReturnMovieServiceTest" time="0"/>
</testsuite>